<?xml version="1.0" encoding="UTF-8"?>
<testng-results skipped="0" failed="0" total="0" passed="0">
  <reporter-output>
  </reporter-output>
  <suite name="org.wcontacts.test.Test" duration-ms="2" started-at="2015-06-16T18:13:51Z" finished-at="2015-06-16T18:13:51Z">
    <groups>
    </groups>
    <test name="Command line test" duration-ms="2" started-at="2015-06-16T18:13:51Z" finished-at="2015-06-16T18:13:51Z">
    </test> <!-- Command line test -->
  </suite> <!-- org.wcontacts.test.Test -->
</testng-results>
